<?xml version="1.0" encoding="UTF-8"?>
<testng-results skipped="0" failed="1" ignored="0" total="7" passed="6">
  <reporter-output>
  </reporter-output>
  <suite name="Command line suite" duration-ms="26346" started-at="2022-05-22T15:54:42 CDT" finished-at="2022-05-22T15:55:09 CDT">
    <groups>
    </groups>
    <test name="Command line test" duration-ms="26346" started-at="2022-05-22T15:54:42 CDT" finished-at="2022-05-22T15:55:09 CDT">
      <class name="scripts._03_EtsyTest">
        <test-method status="PASS" signature="setup()[pri:0, instance:scripts._03_EtsyTest@31a5c39e]" name="setup" is-config="true" duration-ms="1248" started-at="2022-05-22T15:54:54 CDT" finished-at="2022-05-22T15:54:56 CDT">
          <reporter-output>
          </reporter-output>
        </test-method> <!-- setup -->
        <test-method status="PASS" signature="testEtsyLogo()[pri:1, instance:scripts._03_EtsyTest@31a5c39e]" name="testEtsyLogo" duration-ms="1893" started-at="2022-05-22T15:54:56 CDT" finished-at="2022-05-22T15:54:57 CDT">
          <reporter-output>
          </reporter-output>
        </test-method> <!-- testEtsyLogo -->
        <test-method status="PASS" signature="teardown()[pri:0, instance:scripts._03_EtsyTest@31a5c39e]" name="teardown" is-config="true" duration-ms="803" started-at="2022-05-22T15:54:57 CDT" finished-at="2022-05-22T15:54:58 CDT">
          <reporter-output>
          </reporter-output>
        </test-method> <!-- teardown -->
        <test-method status="PASS" signature="setup()[pri:0, instance:scripts._03_EtsyTest@31a5c39e]" name="setup" is-config="true" duration-ms="1315" started-at="2022-05-22T15:54:58 CDT" finished-at="2022-05-22T15:55:00 CDT">
          <reporter-output>
          </reporter-output>
        </test-method> <!-- setup -->
        <test-method status="PASS" signature="testEtsySearch()[pri:3, instance:scripts._03_EtsyTest@31a5c39e]" name="testEtsySearch" duration-ms="1981" started-at="2022-05-22T15:55:00 CDT" finished-at="2022-05-22T15:55:02 CDT">
          <reporter-output>
          </reporter-output>
        </test-method> <!-- testEtsySearch -->
        <test-method status="PASS" signature="teardown()[pri:0, instance:scripts._03_EtsyTest@31a5c39e]" name="teardown" is-config="true" duration-ms="853" started-at="2022-05-22T15:55:02 CDT" finished-at="2022-05-22T15:55:02 CDT">
          <reporter-output>
          </reporter-output>
        </test-method> <!-- teardown -->
        <test-method status="PASS" signature="setup()[pri:0, instance:scripts._03_EtsyTest@31a5c39e]" name="setup" is-config="true" duration-ms="1251" started-at="2022-05-22T15:55:02 CDT" finished-at="2022-05-22T15:55:04 CDT">
          <reporter-output>
          </reporter-output>
        </test-method> <!-- setup -->
        <test-method status="PASS" signature="testEtsySearchResult()[pri:3, instance:scripts._03_EtsyTest@31a5c39e]" name="testEtsySearchResult" duration-ms="3998" started-at="2022-05-22T15:55:04 CDT" depends-on-methods="scripts._03_EtsyTest.testEtsySearch" finished-at="2022-05-22T15:55:08 CDT">
          <reporter-output>
          </reporter-output>
        </test-method> <!-- testEtsySearchResult -->
        <test-method status="PASS" signature="teardown()[pri:0, instance:scripts._03_EtsyTest@31a5c39e]" name="teardown" is-config="true" duration-ms="931" started-at="2022-05-22T15:55:08 CDT" finished-at="2022-05-22T15:55:09 CDT">
          <reporter-output>
          </reporter-output>
        </test-method> <!-- teardown -->
      </class> <!-- scripts._03_EtsyTest -->
      <class name="scripts._02_TechGlobalTest">
        <test-method status="PASS" signature="setup()[pri:0, instance:scripts._02_TechGlobalTest@5f2108b5]" name="setup" is-config="true" duration-ms="1212" started-at="2022-05-22T15:54:52 CDT" finished-at="2022-05-22T15:54:53 CDT">
          <reporter-output>
          </reporter-output>
        </test-method> <!-- setup -->
        <test-method status="PASS" signature="testApplicationFormHeading()[pri:0, instance:scripts._02_TechGlobalTest@5f2108b5]" name="testApplicationFormHeading" duration-ms="652" started-at="2022-05-22T15:54:53 CDT" finished-at="2022-05-22T15:54:54 CDT">
          <reporter-output>
          </reporter-output>
        </test-method> <!-- testApplicationFormHeading -->
        <test-method status="PASS" signature="teardown()[pri:0, instance:scripts._02_TechGlobalTest@5f2108b5]" name="teardown" is-config="true" duration-ms="767" started-at="2022-05-22T15:54:54 CDT" finished-at="2022-05-22T15:54:54 CDT">
          <reporter-output>
          </reporter-output>
        </test-method> <!-- teardown -->
      </class> <!-- scripts._02_TechGlobalTest -->
      <class name="scripts._01_AppleTest">
        <test-method status="PASS" signature="setup()[pri:0, instance:scripts._01_AppleTest@e45f292]" name="setup" is-config="true" duration-ms="2066" started-at="2022-05-22T15:54:42 CDT" finished-at="2022-05-22T15:54:44 CDT">
          <reporter-output>
          </reporter-output>
        </test-method> <!-- setup -->
        <test-method status="PASS" signature="testAppleTitle()[pri:1, instance:scripts._01_AppleTest@e45f292]" name="testAppleTitle" duration-ms="1876" started-at="2022-05-22T15:54:44 CDT" description="TC123" finished-at="2022-05-22T15:54:46 CDT">
          <reporter-output>
          </reporter-output>
        </test-method> <!-- testAppleTitle -->
        <test-method status="PASS" signature="teardown()[pri:0, instance:scripts._01_AppleTest@e45f292]" name="teardown" is-config="true" duration-ms="750" started-at="2022-05-22T15:54:46 CDT" finished-at="2022-05-22T15:54:47 CDT">
          <reporter-output>
          </reporter-output>
        </test-method> <!-- teardown -->
        <test-method status="PASS" signature="setup()[pri:0, instance:scripts._01_AppleTest@e45f292]" name="setup" is-config="true" duration-ms="1240" started-at="2022-05-22T15:54:47 CDT" finished-at="2022-05-22T15:54:48 CDT">
          <reporter-output>
          </reporter-output>
        </test-method> <!-- setup -->
        <test-method status="PASS" signature="testAppleURL()[pri:2, instance:scripts._01_AppleTest@e45f292]" name="testAppleURL" duration-ms="829" started-at="2022-05-22T15:54:48 CDT" description="TC12334" finished-at="2022-05-22T15:54:49 CDT">
          <reporter-output>
          </reporter-output>
        </test-method> <!-- testAppleURL -->
        <test-method status="PASS" signature="teardown()[pri:0, instance:scripts._01_AppleTest@e45f292]" name="teardown" is-config="true" duration-ms="741" started-at="2022-05-22T15:54:49 CDT" finished-at="2022-05-22T15:54:50 CDT">
          <reporter-output>
          </reporter-output>
        </test-method> <!-- teardown -->
        <test-method status="PASS" signature="setup()[pri:0, instance:scripts._01_AppleTest@e45f292]" name="setup" is-config="true" duration-ms="1253" started-at="2022-05-22T15:54:50 CDT" finished-at="2022-05-22T15:54:51 CDT">
          <reporter-output>
          </reporter-output>
        </test-method> <!-- setup -->
        <test-method status="FAIL" signature="X()[pri:3, instance:scripts._01_AppleTest@e45f292]" name="X" duration-ms="0" started-at="2022-05-22T15:54:51 CDT" description="TC3833" finished-at="2022-05-22T15:54:51 CDT">
          <exception class="java.lang.AssertionError">
            <message>
              <![CDATA[Failure on purpose]]>
            </message>
            <full-stacktrace>
              <![CDATA[java.lang.AssertionError: Failure on purpose
at org.testng.Assert.fail(Assert.java:97)
at scripts._01_AppleTest.X(_01_AppleTest.java:51)
at sun.reflect.NativeMethodAccessorImpl.invoke0(Native Method)
at sun.reflect.NativeMethodAccessorImpl.invoke(NativeMethodAccessorImpl.java:62)
at sun.reflect.DelegatingMethodAccessorImpl.invoke(DelegatingMethodAccessorImpl.java:43)
at java.lang.reflect.Method.invoke(Method.java:498)
at org.testng.internal.MethodInvocationHelper.invokeMethod(MethodInvocationHelper.java:134)
at org.testng.internal.TestInvoker.invokeMethod(TestInvoker.java:597)
at org.testng.internal.TestInvoker.invokeTestMethod(TestInvoker.java:173)
at org.testng.internal.MethodRunner.runInSequence(MethodRunner.java:46)
at org.testng.internal.TestInvoker$MethodInvocationAgent.invoke(TestInvoker.java:816)
at org.testng.internal.TestInvoker.invokeTestMethods(TestInvoker.java:146)
at org.testng.internal.TestMethodWorker.invokeTestMethods(TestMethodWorker.java:146)
at org.testng.internal.TestMethodWorker.run(TestMethodWorker.java:128)
at java.util.ArrayList.forEach(ArrayList.java:1259)
at org.testng.TestRunner.privateRun(TestRunner.java:766)
at org.testng.TestRunner.run(TestRunner.java:587)
at org.testng.SuiteRunner.runTest(SuiteRunner.java:384)
at org.testng.SuiteRunner.runSequentially(SuiteRunner.java:378)
at org.testng.SuiteRunner.privateRun(SuiteRunner.java:337)
at org.testng.SuiteRunner.run(SuiteRunner.java:286)
at org.testng.SuiteRunnerWorker.runSuite(SuiteRunnerWorker.java:53)
at org.testng.SuiteRunnerWorker.run(SuiteRunnerWorker.java:96)
at org.testng.TestNG.runSuitesSequentially(TestNG.java:1187)
at org.testng.TestNG.runSuitesLocally(TestNG.java:1109)
at org.testng.TestNG.runSuites(TestNG.java:1039)
at org.testng.TestNG.run(TestNG.java:1007)
at org.apache.maven.surefire.testng.TestNGExecutor.run(TestNGExecutor.java:77)
at org.apache.maven.surefire.testng.TestNGDirectoryTestSuite.executeMulti(TestNGDirectoryTestSuite.java:159)
at org.apache.maven.surefire.testng.TestNGDirectoryTestSuite.execute(TestNGDirectoryTestSuite.java:99)
at org.apache.maven.surefire.testng.TestNGProvider.invoke(TestNGProvider.java:106)
at sun.reflect.NativeMethodAccessorImpl.invoke0(Native Method)
at sun.reflect.NativeMethodAccessorImpl.invoke(NativeMethodAccessorImpl.java:62)
at sun.reflect.DelegatingMethodAccessorImpl.invoke(DelegatingMethodAccessorImpl.java:43)
at java.lang.reflect.Method.invoke(Method.java:498)
at org.apache.maven.surefire.util.ReflectionUtils.invokeMethodWithArray(ReflectionUtils.java:189)
at org.apache.maven.surefire.booter.ProviderFactory$ProviderProxy.invoke(ProviderFactory.java:165)
at org.apache.maven.surefire.booter.ProviderFactory.invokeProvider(ProviderFactory.java:85)
at org.apache.maven.surefire.booter.ForkedBooter.runSuitesInProcess(ForkedBooter.java:115)
at org.apache.maven.surefire.booter.ForkedBooter.main(ForkedBooter.java:75)
]]>
            </full-stacktrace>
          </exception> <!-- java.lang.AssertionError -->
          <reporter-output>
          </reporter-output>
        </test-method> <!-- X -->
        <test-method status="PASS" signature="teardown()[pri:0, instance:scripts._01_AppleTest@e45f292]" name="teardown" is-config="true" duration-ms="646" started-at="2022-05-22T15:54:51 CDT" finished-at="2022-05-22T15:54:52 CDT">
          <reporter-output>
          </reporter-output>
        </test-method> <!-- teardown -->
      </class> <!-- scripts._01_AppleTest -->
    </test> <!-- Command line test -->
  </suite> <!-- Command line suite -->
</testng-results>
